<?xml version="1.0" encoding="UTF-8"?>
<robot generator="Robot 7.4.1 (Python 3.14.0 on win32)" generated="2026-02-19T13:24:16.960306" rpa="false" schemaversion="5">
<suite id="s1" name="Labcheckout" source="C:\Users\prasa\PycharmProjects\RobotFramework\LabSessions\Day13_Feb19\Labcheckout.robot">
<test id="s1-t1" name="Verify checkout" line="8">
<kw name="Open Browser" owner="SeleniumLibrary">
<msg time="2026-02-19T13:24:17.878602" level="INFO">Opening browser 'chrome' to base url 'https://www.saucedemo.com/'.</msg>
<arg>${url}</arg>
<arg>chrome</arg>
<doc>Opens a new browser instance to the optional ``url``.</doc>
<status status="PASS" start="2026-02-19T13:24:17.877566" elapsed="4.311781"/>
</kw>
<kw name="Maximize Browser Window" owner="SeleniumLibrary">
<doc>Maximizes current browser window.</doc>
<status status="PASS" start="2026-02-19T13:24:22.199205" elapsed="0.354374"/>
</kw>
<kw name="Wait Until Element Is Visible" owner="SeleniumLibrary">
<arg>xpath://input[@id = 'user-name']</arg>
<doc>Waits until the element ``locator`` is visible.</doc>
<status status="PASS" start="2026-02-19T13:24:22.560229" elapsed="0.207701"/>
</kw>
<kw name="Input Text" owner="SeleniumLibrary">
<msg time="2026-02-19T13:24:22.775282" level="INFO">Typing text 'standard_user' into text field 'xpath://input[@id = 'user-name']'.</msg>
<arg>xpath://input[@id = 'user-name']</arg>
<arg>standard_user</arg>
<doc>Types the given ``text`` into the text field identified by ``locator``.</doc>
<status status="PASS" start="2026-02-19T13:24:22.774602" elapsed="0.734600"/>
</kw>
<kw name="Input Text" owner="SeleniumLibrary">
<msg time="2026-02-19T13:24:23.512484" level="INFO">Typing text 'secret_sauce' into text field 'xpath://input[@id = 'password']'.</msg>
<arg>xpath://input[@id = 'password']</arg>
<arg>secret_sauce</arg>
<doc>Types the given ``text`` into the text field identified by ``locator``.</doc>
<status status="PASS" start="2026-02-19T13:24:23.511991" elapsed="0.414319"/>
</kw>
<kw name="Click Element" owner="SeleniumLibrary">
<msg time="2026-02-19T13:24:23.928353" level="INFO">Clicking element 'xpath://input[@id='login-button']'.</msg>
<arg>xpath://input[@id='login-button']</arg>
<doc>Click the element identified by ``locator``.</doc>
<status status="PASS" start="2026-02-19T13:24:23.927781" elapsed="1.343878"/>
</kw>
<kw name="Sleep" owner="BuiltIn">
<msg time="2026-02-19T13:24:27.293955" level="INFO">Slept 2 seconds.</msg>
<arg>2s</arg>
<doc>Pauses the test executed for the given time.</doc>
<status status="PASS" start="2026-02-19T13:24:25.287252" elapsed="2.007019"/>
</kw>
<kw name="Click Element" owner="SeleniumLibrary">
<msg time="2026-02-19T13:24:27.296004" level="INFO">Clicking element 'xpath://a[@class='shopping_cart_link']'.</msg>
<arg>xpath://a[@class='shopping_cart_link']</arg>
<doc>Click the element identified by ``locator``.</doc>
<status status="PASS" start="2026-02-19T13:24:27.295469" elapsed="0.196229"/>
</kw>
<kw name="Sleep" owner="BuiltIn">
<msg time="2026-02-19T13:24:29.498000" level="INFO">Slept 2 seconds.</msg>
<arg>2s</arg>
<doc>Pauses the test executed for the given time.</doc>
<status status="PASS" start="2026-02-19T13:24:27.496723" elapsed="2.001470"/>
</kw>
<kw name="Click Element" owner="SeleniumLibrary">
<msg time="2026-02-19T13:24:29.499986" level="INFO">Clicking element 'xpath://button[@id='checkout']'.</msg>
<arg>xpath://button[@id='checkout']</arg>
<doc>Click the element identified by ``locator``.</doc>
<status status="PASS" start="2026-02-19T13:24:29.499052" elapsed="0.151814"/>
</kw>
<kw name="Sleep" owner="BuiltIn">
<msg time="2026-02-19T13:24:31.658388" level="INFO">Slept 2 seconds.</msg>
<arg>2s</arg>
<doc>Pauses the test executed for the given time.</doc>
<status status="PASS" start="2026-02-19T13:24:29.652377" elapsed="2.006255"/>
</kw>
<kw name="Input Text" owner="SeleniumLibrary">
<msg time="2026-02-19T13:24:31.680895" level="INFO">Typing text 'Prasad' into text field 'xpath://input[@id='first-name']'.</msg>
<arg>xpath://input[@id='first-name']</arg>
<arg>Prasad</arg>
<doc>Types the given ``text`` into the text field identified by ``locator``.</doc>
<status status="PASS" start="2026-02-19T13:24:31.680391" elapsed="0.480034"/>
</kw>
<kw name="Input Text" owner="SeleniumLibrary">
<msg time="2026-02-19T13:24:32.167019" level="INFO">Typing text 'N' into text field 'xpath://input[@id='last-name']'.</msg>
<arg>xpath://input[@id='last-name']</arg>
<arg>N</arg>
<doc>Types the given ``text`` into the text field identified by ``locator``.</doc>
<status status="PASS" start="2026-02-19T13:24:32.165715" elapsed="0.551954"/>
</kw>
<kw name="Input Text" owner="SeleniumLibrary">
<msg time="2026-02-19T13:24:32.729645" level="INFO">Typing text '533105' into text field 'xpath://input[@id='postal-code']'.</msg>
<arg>xpath://input[@id='postal-code']</arg>
<arg>533105</arg>
<doc>Types the given ``text`` into the text field identified by ``locator``.</doc>
<status status="PASS" start="2026-02-19T13:24:32.728971" elapsed="0.884756"/>
</kw>
<kw name="Click Element" owner="SeleniumLibrary">
<msg time="2026-02-19T13:24:33.615564" level="INFO">Clicking element 'xpath://input[@id='continue']'.</msg>
<arg>xpath://input[@id='continue']</arg>
<doc>Click the element identified by ``locator``.</doc>
<status status="PASS" start="2026-02-19T13:24:33.615021" elapsed="0.377950"/>
</kw>
<kw name="Sleep" owner="BuiltIn">
<msg time="2026-02-19T13:24:35.998971" level="INFO">Slept 2 seconds.</msg>
<arg>2s</arg>
<doc>Pauses the test executed for the given time.</doc>
<status status="PASS" start="2026-02-19T13:24:33.997565" elapsed="2.001608"/>
</kw>
<kw name="Click Element" owner="SeleniumLibrary">
<msg time="2026-02-19T13:24:36.003998" level="INFO">Clicking element 'xpath://button[@id='finish']'.</msg>
<arg>xpath://button[@id='finish']</arg>
<doc>Click the element identified by ``locator``.</doc>
<status status="PASS" start="2026-02-19T13:24:36.001873" elapsed="0.424066"/>
</kw>
<kw name="Sleep" owner="BuiltIn">
<msg time="2026-02-19T13:24:38.446160" level="INFO">Slept 2 seconds.</msg>
<arg>2s</arg>
<doc>Pauses the test executed for the given time.</doc>
<status status="PASS" start="2026-02-19T13:24:36.441577" elapsed="2.005030"/>
</kw>
<kw name="Close Browser" owner="SeleniumLibrary">
<doc>Closes the current browser.</doc>
<status status="PASS" start="2026-02-19T13:24:38.447335" elapsed="3.774652"/>
</kw>
<status status="PASS" start="2026-02-19T13:24:17.874357" elapsed="24.348372"/>
</test>
<status status="PASS" start="2026-02-19T13:24:16.964329" elapsed="25.259945"/>
</suite>
<statistics>
<total>
<stat pass="1" fail="0" skip="0">All Tests</stat>
</total>
<tag>
</tag>
<suite>
<stat name="Labcheckout" id="s1" pass="1" fail="0" skip="0">Labcheckout</stat>
</suite>
</statistics>
<errors>
</errors>
</robot>
