<?xml version="1.0" encoding="UTF-8"?>
<robot generator="Robot 7.4.1 (Python 3.14.0 on win32)" generated="2026-02-21T17:06:31.165574" rpa="false" schemaversion="5">
<suite id="s1" name="Labcase8" source="C:\Users\prasa\PycharmProjects\RobotFramework\LabSessions\Day15_Feb21\Labcase8.robot">
<test id="s1-t1" name="Verify the login scenario with the valid credentials" line="6">
<kw name="Open Browser" owner="SeleniumLibrary">
<msg time="2026-02-21T17:06:31.742041" level="INFO">Opening browser 'chrome' to base url 'https://automationexercise.com/'.</msg>
<arg>${url}</arg>
<arg>chrome</arg>
<doc>Opens a new browser instance to the optional ``url``.</doc>
<status status="PASS" start="2026-02-21T17:06:31.741660" elapsed="3.398727"/>
</kw>
<kw name="Maximize Browser Window" owner="SeleniumLibrary">
<doc>Maximizes current browser window.</doc>
<status status="PASS" start="2026-02-21T17:06:35.142361" elapsed="3.638482"/>
</kw>
<kw name="Wait Until Element Is Visible" owner="SeleniumLibrary">
<arg>xpath://a[@href='/products']</arg>
<doc>Waits until the element ``locator`` is visible.</doc>
<status status="PASS" start="2026-02-21T17:06:38.785693" elapsed="0.078548"/>
</kw>
<kw name="Scroll Element Into View" owner="SeleniumLibrary">
<arg>xpath://a[@href='/products']</arg>
<doc>Scrolls the element identified by ``locator`` into view.</doc>
<status status="PASS" start="2026-02-21T17:06:38.865321" elapsed="0.360599"/>
</kw>
<kw name="Click Element" owner="SeleniumLibrary">
<msg time="2026-02-21T17:06:39.227251" level="INFO">Clicking element 'xpath://a[@href='/products']'.</msg>
<arg>xpath://a[@href='/products']</arg>
<doc>Click the element identified by ``locator``.</doc>
<status status="PASS" start="2026-02-21T17:06:39.226685" elapsed="0.216668"/>
</kw>
<kw name="Wait Until Element Is Visible" owner="SeleniumLibrary">
<msg time="2026-02-21T17:06:42.636491" level="WARN">Keyword 'Capture Page Screenshot' could not be run on failure: Message: invalid session id: session deleted as the browser has closed the connection
from disconnected: not connected to DevTools
  (Session info: chrome=145.0.7632.77); For documentation on this error, please visit: https://www.selenium.dev/documentation/webdriver/troubleshooting/errors#invalidsessionidexception
Stacktrace:
Symbols not available. Dumping unresolved backtrace:
	0x7ff6ce2b4435
	0x7ff6ce2b4490
	0x7ff6ce04d49d
	0x7ff6ce0389b2
	0x7ff6ce05ed75
	0x7ff6ce0d8ec0
	0x7ff6ce0f5072
	0x7ff6ce098e38
	0x7ff6ce099d23
	0x7ff6ce583b30
	0x7ff6ce57e3b8
	0x7ff6ce59e72a
	0x7ff6ce2d07e5
	0x7ff6ce2d978c
	0x7ff6ce2bd794
	0x7ff6ce2bd946
	0x7ff6ce2a3457
	0x7ffed479e8d7
	0x7ffed670c40c
</msg>
<msg time="2026-02-21T17:06:42.638006" level="FAIL">WebDriverException: Message: target frame detached
  (failed to check if window was closed: disconnected: Unable to receive message from renderer)
  (Session info: chrome=145.0.7632.77)
Stacktrace:
Symbols not available. Dumping unresolved backtrace:
	0x7ff6ce2b4435
	0x7ff6ce2b4490
	0x7ff6ce04d286
	0x7ff6ce039d90
	0x7ff6ce038bc6
	0x7ff6ce05ed75
	0x7ff6ce0d8ec0
	0x7ff6ce0f5072
	0x7ff6ce098e38
	0x7ff6ce099d23
	0x7ff6ce583b30
	0x7ff6ce57e3b8
	0x7ff6ce59e72a
	0x7ff6ce2d07e5
	0x7ff6ce2d978c
	0x7ff6ce2bd794
	0x7ff6ce2bd946
	0x7ff6ce2a3457
	0x7ffed479e8d7
	0x7ffed670c40c
</msg>
<arg>xpath://h2[normalize-space()='All Products']</arg>
<doc>Waits until the element ``locator`` is visible.</doc>
<status status="FAIL" start="2026-02-21T17:06:39.452186" elapsed="3.196334">WebDriverException: Message: target frame detached
  (failed to check if window was closed: disconnected: Unable to receive message from renderer)
  (Session info: chrome=145.0.7632.77)
Stacktrace:
Symbols not available. Dumping unresolved backtrace:
	0x7ff6ce2b4435
	0x7ff6ce2b4490
	0x7ff6ce04d286
	0x7ff6ce039d90
	0x7ff6ce038bc6
	0x7ff6ce05ed75
	0x7ff6ce0d8ec0
	0x7ff6ce0f5072
	0x7ff6ce098e38
	0x7ff6ce099d23
	0x7ff6ce583b30
	0x7ff6ce57e3b8
	0x7ff6ce59e72a
	0x7ff6ce2d07e5
	0x7ff6ce2d978c
	0x7ff6ce2bd794
	0x7ff6ce2bd946
	0x7ff6ce2a3457
	0x7ffed479e8d7
	0x7ffed670c40c
</status>
</kw>
<kw name="Scroll Element Into View" owner="SeleniumLibrary">
<arg>xpath://a[@href='/brand_products/Biba']</arg>
<doc>Scrolls the element identified by ``locator`` into view.</doc>
<status status="NOT RUN" start="2026-02-21T17:06:42.650213" elapsed="0.000137"/>
</kw>
<kw name="Click Element" owner="SeleniumLibrary">
<arg>xpath://div[@class='col-sm-9 padding-right']//div[2]//div[1]//div[1]//div[2]//div[1]//a[1]</arg>
<doc>Click the element identified by ``locator``.</doc>
<status status="NOT RUN" start="2026-02-21T17:06:42.651621" elapsed="0.000176"/>
</kw>
<kw name="Sleep" owner="BuiltIn">
<arg>2s</arg>
<doc>Pauses the test executed for the given time.</doc>
<status status="NOT RUN" start="2026-02-21T17:06:42.652469" elapsed="0.000112"/>
</kw>
<kw name="Click Element" owner="SeleniumLibrary">
<arg>xpath://button[@class='btn btn-success close-modal btn-block']</arg>
<doc>Click the element identified by ``locator``.</doc>
<status status="NOT RUN" start="2026-02-21T17:06:42.653310" elapsed="0.000164"/>
</kw>
<kw name="Wait Until Element Is Visible" owner="SeleniumLibrary">
<arg>xpath://div[@class='view-product']//img[@alt='ecommerce website products']</arg>
<doc>Waits until the element ``locator`` is visible.</doc>
<status status="NOT RUN" start="2026-02-21T17:06:42.654062" elapsed="0.000170"/>
</kw>
<kw name="Page Should Contain Element" owner="SeleniumLibrary">
<arg>xpath://p[normalize-space()='Category: Women &gt; Tops']</arg>
<doc>Verifies that element ``locator`` is found on the current page.</doc>
<status status="NOT RUN" start="2026-02-21T17:06:42.655453" elapsed="0.000190"/>
</kw>
<kw name="Page Should Contain Element" owner="SeleniumLibrary">
<arg>xpath://label[normalize-space()='Quantity:']</arg>
<doc>Verifies that element ``locator`` is found on the current page.</doc>
<status status="NOT RUN" start="2026-02-21T17:06:42.656281" elapsed="0.000089"/>
</kw>
<kw name="Page Should Contain Element" owner="SeleniumLibrary">
<arg>xpath://div[@class='product-details']//p[1]</arg>
<doc>Verifies that element ``locator`` is found on the current page.</doc>
<status status="NOT RUN" start="2026-02-21T17:06:42.657379" elapsed="0.000174"/>
</kw>
<kw name="Page Should Contain Element" owner="SeleniumLibrary">
<arg>xpath://div[@class='product-details']//p[1]</arg>
<doc>Verifies that element ``locator`` is found on the current page.</doc>
<status status="NOT RUN" start="2026-02-21T17:06:42.658982" elapsed="0.000132"/>
</kw>
<kw name="Page Should Contain Element" owner="SeleniumLibrary">
<arg>xpath://div[@class='product-details']//p[1]</arg>
<doc>Verifies that element ``locator`` is found on the current page.</doc>
<status status="NOT RUN" start="2026-02-21T17:06:42.659918" elapsed="0.000097"/>
</kw>
<kw name="Close Browser" owner="SeleniumLibrary">
<doc>Closes the current browser.</doc>
<status status="NOT RUN" start="2026-02-21T17:06:42.660592" elapsed="0.000150"/>
</kw>
<status status="FAIL" start="2026-02-21T17:06:31.740280" elapsed="10.921084">WebDriverException: Message: target frame detached
  (failed to check if window was closed: disconnected: Unable to receive message from renderer)
  (Session info: chrome=145.0.7632.77)
Stacktrace:
Symbols not available. Dumping unresolved backtrace:
	0x7ff6ce2b4435
	0x7ff6ce2b4490
	0x7ff6ce04d286
	0x7ff6ce039d90
	0x7ff6ce038bc6
	0x7ff6ce05ed75
	0x7ff6ce0d8ec0
	0x7ff6ce0f5072
	0x7ff6ce098e38
	0x7ff6ce099d23
	0x7ff6ce583b30
	0x7ff6ce57e3b8
	0x7ff6ce59e72a
	0x7ff6ce2d07e5
	0x7ff6ce2d978c
	0x7ff6ce2bd794
	0x7ff6ce2bd946
	0x7ff6ce2a3457
	0x7ffed479e8d7
	0x7ffed670c40c
</status>
</test>
<status status="FAIL" start="2026-02-21T17:06:31.168891" elapsed="11.494261"/>
</suite>
<statistics>
<total>
<stat pass="0" fail="1" skip="0">All Tests</stat>
</total>
<tag>
</tag>
<suite>
<stat name="Labcase8" id="s1" pass="0" fail="1" skip="0">Labcase8</stat>
</suite>
</statistics>
<errors>
<msg time="2026-02-21T17:06:42.636491" level="WARN">Keyword 'Capture Page Screenshot' could not be run on failure: Message: invalid session id: session deleted as the browser has closed the connection
from disconnected: not connected to DevTools
  (Session info: chrome=145.0.7632.77); For documentation on this error, please visit: https://www.selenium.dev/documentation/webdriver/troubleshooting/errors#invalidsessionidexception
Stacktrace:
Symbols not available. Dumping unresolved backtrace:
	0x7ff6ce2b4435
	0x7ff6ce2b4490
	0x7ff6ce04d49d
	0x7ff6ce0389b2
	0x7ff6ce05ed75
	0x7ff6ce0d8ec0
	0x7ff6ce0f5072
	0x7ff6ce098e38
	0x7ff6ce099d23
	0x7ff6ce583b30
	0x7ff6ce57e3b8
	0x7ff6ce59e72a
	0x7ff6ce2d07e5
	0x7ff6ce2d978c
	0x7ff6ce2bd794
	0x7ff6ce2bd946
	0x7ff6ce2a3457
	0x7ffed479e8d7
	0x7ffed670c40c
</msg>
</errors>
</robot>
