<?xml version="1.0" encoding="UTF-8"?>
<robot generator="Robot 7.4.1 (Python 3.14.0 on win32)" generated="2026-02-20T17:26:52.996928" rpa="false" schemaversion="5">
<suite id="s1" name="CSV" source="C:\Users\prasa\PycharmProjects\RobotFramework\DataDriven\CSV.robot">
<test id="s1-t1" name="Login with user" line="12">
<kw name="Open Browser" owner="SeleniumLibrary" type="SETUP">
<msg time="2026-02-20T17:26:53.591639" level="INFO">Opening browser 'chrome' to base url 'https://opensource-demo.orangehrmlive.com/web/index.php/auth/login'.</msg>
<arg>https://opensource-demo.orangehrmlive.com/web/index.php/auth/login</arg>
<arg>chrome</arg>
<doc>Opens a new browser instance to the optional ``url``.</doc>
<status status="PASS" start="2026-02-20T17:26:53.591052" elapsed="8.001256"/>
</kw>
<kw name="Login Test">
<kw name="Wait Until Element Is Visible" owner="SeleniumLibrary">
<arg>xpath://input[@name = 'username']</arg>
<doc>Waits until the element ``locator`` is visible.</doc>
<status status="PASS" start="2026-02-20T17:27:01.594974" elapsed="0.800244"/>
</kw>
<kw name="Input Text" owner="SeleniumLibrary">
<msg time="2026-02-20T17:27:02.396028" level="INFO">Typing text 'Admin' into text field 'xpath://input[@name = 'username']'.</msg>
<arg>xpath://input[@name = 'username']</arg>
<arg>${username}</arg>
<doc>Types the given ``text`` into the text field identified by ``locator``.</doc>
<status status="PASS" start="2026-02-20T17:27:02.395565" elapsed="0.316479"/>
</kw>
<kw name="Input Text" owner="SeleniumLibrary">
<msg time="2026-02-20T17:27:02.713011" level="INFO">Typing text 'admin123' into text field 'xpath://input[@name = 'password']'.</msg>
<arg>xpath://input[@name = 'password']</arg>
<arg>${password}</arg>
<doc>Types the given ``text`` into the text field identified by ``locator``.</doc>
<status status="PASS" start="2026-02-20T17:27:02.712457" elapsed="0.164056"/>
</kw>
<kw name="Click Element" owner="SeleniumLibrary">
<msg time="2026-02-20T17:27:02.877151" level="INFO">Clicking element 'xpath://button[@type = 'submit']'.</msg>
<arg>xpath://button[@type = 'submit']</arg>
<doc>Click the element identified by ``locator``.</doc>
<status status="PASS" start="2026-02-20T17:27:02.876817" elapsed="0.112490"/>
</kw>
<kw name="Wait Until Element Is Visible" owner="SeleniumLibrary">
<arg>xpath://h6[@class='oxd-text oxd-text--h6 oxd-topbar-header-breadcrumb-module']</arg>
<arg>15s</arg>
<doc>Waits until the element ``locator`` is visible.</doc>
<status status="PASS" start="2026-02-20T17:27:02.989712" elapsed="3.400123"/>
</kw>
<kw name="Element Should Be Visible" owner="SeleniumLibrary">
<msg time="2026-02-20T17:27:06.409825" level="INFO">Element 'xpath://h6[@class='oxd-text oxd-text--h6 oxd-topbar-header-breadcrumb-module']' is displayed.</msg>
<arg>xpath://h6[@class='oxd-text oxd-text--h6 oxd-topbar-header-breadcrumb-module']</arg>
<doc>Verifies that the element identified by ``locator`` is visible.</doc>
<status status="PASS" start="2026-02-20T17:27:06.390212" elapsed="0.019795"/>
</kw>
<kw name="Close Browser" owner="SeleniumLibrary">
<doc>Closes the current browser.</doc>
<status status="PASS" start="2026-02-20T17:27:06.410344" elapsed="2.723677"/>
</kw>
<arg>username=Admin</arg>
<arg>password=admin123</arg>
<status status="PASS" start="2026-02-20T17:27:01.593852" elapsed="7.540621"/>
</kw>
<kw name="Close Browser" owner="SeleniumLibrary" type="TEARDOWN">
<doc>Closes the current browser.</doc>
<status status="PASS" start="2026-02-20T17:27:09.135069" elapsed="0.000215"/>
</kw>
<status status="PASS" start="2026-02-20T17:26:53.587613" elapsed="15.548043"/>
</test>
<test id="s1-t2" name="Login with user" line="12">
<kw name="Open Browser" owner="SeleniumLibrary" type="SETUP">
<msg time="2026-02-20T17:27:09.138451" level="INFO">Opening browser 'chrome' to base url 'https://opensource-demo.orangehrmlive.com/web/index.php/auth/login'.</msg>
<arg>https://opensource-demo.orangehrmlive.com/web/index.php/auth/login</arg>
<arg>chrome</arg>
<doc>Opens a new browser instance to the optional ``url``.</doc>
<status status="PASS" start="2026-02-20T17:27:09.138163" elapsed="6.458957"/>
</kw>
<kw name="Login Test">
<kw name="Wait Until Element Is Visible" owner="SeleniumLibrary">
<arg>xpath://input[@name = 'username']</arg>
<doc>Waits until the element ``locator`` is visible.</doc>
<status status="PASS" start="2026-02-20T17:27:15.600914" elapsed="0.816924"/>
</kw>
<kw name="Input Text" owner="SeleniumLibrary">
<msg time="2026-02-20T17:27:16.418737" level="INFO">Typing text 'Admin' into text field 'xpath://input[@name = 'username']'.</msg>
<arg>xpath://input[@name = 'username']</arg>
<arg>${username}</arg>
<doc>Types the given ``text`` into the text field identified by ``locator``.</doc>
<status status="PASS" start="2026-02-20T17:27:16.418245" elapsed="0.249832"/>
</kw>
<kw name="Input Text" owner="SeleniumLibrary">
<msg time="2026-02-20T17:27:16.668888" level="INFO">Typing text 'admin123' into text field 'xpath://input[@name = 'password']'.</msg>
<arg>xpath://input[@name = 'password']</arg>
<arg>${password}</arg>
<doc>Types the given ``text`` into the text field identified by ``locator``.</doc>
<status status="PASS" start="2026-02-20T17:27:16.668421" elapsed="0.104274"/>
</kw>
<kw name="Click Element" owner="SeleniumLibrary">
<msg time="2026-02-20T17:27:16.773196" level="INFO">Clicking element 'xpath://button[@type = 'submit']'.</msg>
<arg>xpath://button[@type = 'submit']</arg>
<doc>Click the element identified by ``locator``.</doc>
<status status="PASS" start="2026-02-20T17:27:16.772938" elapsed="0.083508"/>
</kw>
<kw name="Wait Until Element Is Visible" owner="SeleniumLibrary">
<arg>xpath://h6[@class='oxd-text oxd-text--h6 oxd-topbar-header-breadcrumb-module']</arg>
<arg>15s</arg>
<doc>Waits until the element ``locator`` is visible.</doc>
<status status="PASS" start="2026-02-20T17:27:16.856760" elapsed="2.294042"/>
</kw>
<kw name="Element Should Be Visible" owner="SeleniumLibrary">
<msg time="2026-02-20T17:27:19.173869" level="INFO">Element 'xpath://h6[@class='oxd-text oxd-text--h6 oxd-topbar-header-breadcrumb-module']' is displayed.</msg>
<arg>xpath://h6[@class='oxd-text oxd-text--h6 oxd-topbar-header-breadcrumb-module']</arg>
<doc>Verifies that the element identified by ``locator`` is visible.</doc>
<status status="PASS" start="2026-02-20T17:27:19.151090" elapsed="0.022928"/>
</kw>
<kw name="Close Browser" owner="SeleniumLibrary">
<doc>Closes the current browser.</doc>
<status status="PASS" start="2026-02-20T17:27:19.174260" elapsed="2.792317"/>
</kw>
<arg>username=Admin</arg>
<arg>password=admin123</arg>
<status status="PASS" start="2026-02-20T17:27:15.599393" elapsed="6.367379"/>
</kw>
<kw name="Close Browser" owner="SeleniumLibrary" type="TEARDOWN">
<doc>Closes the current browser.</doc>
<status status="PASS" start="2026-02-20T17:27:21.967391" elapsed="0.000207"/>
</kw>
<status status="PASS" start="2026-02-20T17:27:09.136429" elapsed="12.831414"/>
</test>
<test id="s1-t3" name="Login with user" line="12">
<kw name="Open Browser" owner="SeleniumLibrary" type="SETUP">
<msg time="2026-02-20T17:27:21.970193" level="INFO">Opening browser 'chrome' to base url 'https://opensource-demo.orangehrmlive.com/web/index.php/auth/login'.</msg>
<arg>https://opensource-demo.orangehrmlive.com/web/index.php/auth/login</arg>
<arg>chrome</arg>
<doc>Opens a new browser instance to the optional ``url``.</doc>
<status status="PASS" start="2026-02-20T17:27:21.969900" elapsed="6.503186"/>
</kw>
<kw name="Login Test">
<kw name="Wait Until Element Is Visible" owner="SeleniumLibrary">
<arg>xpath://input[@name = 'username']</arg>
<doc>Waits until the element ``locator`` is visible.</doc>
<status status="PASS" start="2026-02-20T17:27:28.474535" elapsed="0.855717"/>
</kw>
<kw name="Input Text" owner="SeleniumLibrary">
<msg time="2026-02-20T17:27:29.331097" level="INFO">Typing text 'Admin' into text field 'xpath://input[@name = 'username']'.</msg>
<arg>xpath://input[@name = 'username']</arg>
<arg>${username}</arg>
<doc>Types the given ``text`` into the text field identified by ``locator``.</doc>
<status status="PASS" start="2026-02-20T17:27:29.330592" elapsed="0.304051"/>
</kw>
<kw name="Input Text" owner="SeleniumLibrary">
<msg time="2026-02-20T17:27:29.635422" level="INFO">Typing text 'admin123' into text field 'xpath://input[@name = 'password']'.</msg>
<arg>xpath://input[@name = 'password']</arg>
<arg>${password}</arg>
<doc>Types the given ``text`` into the text field identified by ``locator``.</doc>
<status status="PASS" start="2026-02-20T17:27:29.634991" elapsed="0.218729"/>
</kw>
<kw name="Click Element" owner="SeleniumLibrary">
<msg time="2026-02-20T17:27:29.854445" level="INFO">Clicking element 'xpath://button[@type = 'submit']'.</msg>
<arg>xpath://button[@type = 'submit']</arg>
<doc>Click the element identified by ``locator``.</doc>
<status status="PASS" start="2026-02-20T17:27:29.854036" elapsed="0.146491"/>
</kw>
<kw name="Wait Until Element Is Visible" owner="SeleniumLibrary">
<arg>xpath://h6[@class='oxd-text oxd-text--h6 oxd-topbar-header-breadcrumb-module']</arg>
<arg>15s</arg>
<doc>Waits until the element ``locator`` is visible.</doc>
<status status="PASS" start="2026-02-20T17:27:30.000873" elapsed="3.257882"/>
</kw>
<kw name="Element Should Be Visible" owner="SeleniumLibrary">
<msg time="2026-02-20T17:27:33.318892" level="INFO">Element 'xpath://h6[@class='oxd-text oxd-text--h6 oxd-topbar-header-breadcrumb-module']' is displayed.</msg>
<arg>xpath://h6[@class='oxd-text oxd-text--h6 oxd-topbar-header-breadcrumb-module']</arg>
<doc>Verifies that the element identified by ``locator`` is visible.</doc>
<status status="PASS" start="2026-02-20T17:27:33.259277" elapsed="0.059865"/>
</kw>
<kw name="Close Browser" owner="SeleniumLibrary">
<doc>Closes the current browser.</doc>
<status status="PASS" start="2026-02-20T17:27:33.319592" elapsed="2.658218"/>
</kw>
<arg>username=Admin</arg>
<arg>password=admin123</arg>
<status status="PASS" start="2026-02-20T17:27:28.473952" elapsed="7.504173"/>
</kw>
<kw name="Close Browser" owner="SeleniumLibrary" type="TEARDOWN">
<doc>Closes the current browser.</doc>
<status status="PASS" start="2026-02-20T17:27:35.979091" elapsed="0.000310"/>
</kw>
<status status="PASS" start="2026-02-20T17:27:21.968466" elapsed="14.011185"/>
</test>
<status status="PASS" start="2026-02-20T17:26:52.999088" elapsed="42.981761"/>
</suite>
<statistics>
<total>
<stat pass="3" fail="0" skip="0">All Tests</stat>
</total>
<tag>
</tag>
<suite>
<stat name="CSV" id="s1" pass="3" fail="0" skip="0">CSV</stat>
</suite>
</statistics>
<errors>
<msg time="2026-02-20T17:27:09.136591" level="WARN">Multiple tests with name 'Login with user' executed in suite 'CSV'.</msg>
<msg time="2026-02-20T17:27:21.968524" level="WARN">Multiple tests with name 'Login with user' executed in suite 'CSV'.</msg>
</errors>
</robot>
